[debug] [2023-07-26T21:47:24.932Z] ----------------------------------------------------------------------
[debug] [2023-07-26T21:47:24.935Z] Command:       /usr/local/bin/firebase /Users/marcio/.cache/firebase/tools/lib/node_modules/firebase-tools/lib/bin/firebase init
[debug] [2023-07-26T21:47:24.935Z] CLI Version:   12.4.6
[debug] [2023-07-26T21:47:24.935Z] Platform:      darwin
[debug] [2023-07-26T21:47:24.936Z] Node Version:  v16.16.0
[debug] [2023-07-26T21:47:24.937Z] Time:          Wed Jul 26 2023 18:47:24 GMT-0300 (GMT-03:00)
[debug] [2023-07-26T21:47:24.938Z] ----------------------------------------------------------------------
[debug] 
[debug] [2023-07-26T21:47:24.949Z] > command requires scopes: ["email","openid","https://www.googleapis.com/auth/cloudplatformprojects.readonly","https://www.googleapis.com/auth/firebase","https://www.googleapis.com/auth/cloud-platform"]
[debug] [2023-07-26T21:47:24.950Z] > authorizing via signed-in user (marcioeduardo.ti@gmail.com)
[info] 
     ######## #### ########  ######## ########     ###     ######  ########
     ##        ##  ##     ## ##       ##     ##  ##   ##  ##       ##
     ######    ##  ########  ######   ########  #########  ######  ######
     ##        ##  ##    ##  ##       ##     ## ##     ##       ## ##
     ##       #### ##     ## ######## ########  ##     ##  ######  ########

You're about to initialize a Firebase project in this directory:

  /Users/marcio/Documents/Descomplica/aula-react-firebase

[info] 
=== Project Setup
[info] 
[info] First, let's associate this project directory with a Firebase project.
[info] You can create multiple project aliases by running firebase use --add, 
[info] but for now we'll just set up a default project.
[info] 
[debug] [2023-07-26T21:49:24.720Z] >>> [apiv2][query] GET https://firebase.googleapis.com/v1beta1/projects pageSize=100
[debug] [2023-07-26T21:49:25.649Z] <<< [apiv2][status] GET https://firebase.googleapis.com/v1beta1/projects 200
[debug] [2023-07-26T21:49:25.650Z] <<< [apiv2][body] GET https://firebase.googleapis.com/v1beta1/projects [omitted]
[info] i  Using project aula-react-firebase (AulaReactFirebase) 
[info] 
=== Firestore Setup
[debug] [2023-07-26T21:50:24.571Z] >>> [apiv2][query] GET https://serviceusage.googleapis.com/v1/projects/aula-react-firebase/services/firestore.googleapis.com [none]
[debug] [2023-07-26T21:50:24.572Z] >>> [apiv2][(partial)header] GET https://serviceusage.googleapis.com/v1/projects/aula-react-firebase/services/firestore.googleapis.com x-goog-quota-user=projects/aula-react-firebase
[debug] [2023-07-26T21:50:25.789Z] <<< [apiv2][status] GET https://serviceusage.googleapis.com/v1/projects/aula-react-firebase/services/firestore.googleapis.com 200
[debug] [2023-07-26T21:50:25.789Z] <<< [apiv2][body] GET https://serviceusage.googleapis.com/v1/projects/aula-react-firebase/services/firestore.googleapis.com [omitted]
[debug] [2023-07-26T21:50:25.790Z] >>> [apiv2][query] GET https://firestore.googleapis.com/v1/projects/aula-react-firebase/databases/(default) [none]
[debug] [2023-07-26T21:50:26.726Z] <<< [apiv2][status] GET https://firestore.googleapis.com/v1/projects/aula-react-firebase/databases/(default) 200
[debug] [2023-07-26T21:50:26.727Z] <<< [apiv2][body] GET https://firestore.googleapis.com/v1/projects/aula-react-firebase/databases/(default) {"name":"projects/aula-react-firebase/databases/(default)","uid":"e65fed35-6ff7-471c-ad10-cef612aae209","createTime":"2023-07-26T21:32:32.170468Z","updateTime":"2023-07-26T21:32:32.170468Z","locationId":"nam5","type":"FIRESTORE_NATIVE","concurrencyMode":"PESSIMISTIC","versionRetentionPeriod":"3600s","earliestVersionTime":"2023-07-26T21:32:32.170468Z","appEngineIntegrationMode":"DISABLED","keyPrefix":"s","pointInTimeRecoveryEnablement":"POINT_IN_TIME_RECOVERY_DISABLED","deleteProtectionState":"DELETE_PROTECTION_DISABLED","etag":"IITVhK+trYADMOTr0q6prYAD"}
[debug] [2023-07-26T21:50:26.727Z] database_type: FIRESTORE_NATIVE
[debug] [2023-07-26T21:50:26.727Z] > command requires scopes: ["email","openid","https://www.googleapis.com/auth/cloudplatformprojects.readonly","https://www.googleapis.com/auth/firebase","https://www.googleapis.com/auth/cloud-platform"]
[debug] [2023-07-26T21:50:26.728Z] > authorizing via signed-in user (marcioeduardo.ti@gmail.com)
[debug] [2023-07-26T21:50:26.728Z] [iam] checking project aula-react-firebase for permissions ["firebase.projects.get"]
[debug] [2023-07-26T21:50:26.728Z] >>> [apiv2][query] POST https://cloudresourcemanager.googleapis.com/v1/projects/aula-react-firebase:testIamPermissions [none]
[debug] [2023-07-26T21:50:26.728Z] >>> [apiv2][(partial)header] POST https://cloudresourcemanager.googleapis.com/v1/projects/aula-react-firebase:testIamPermissions x-goog-quota-user=projects/aula-react-firebase
[debug] [2023-07-26T21:50:26.729Z] >>> [apiv2][body] POST https://cloudresourcemanager.googleapis.com/v1/projects/aula-react-firebase:testIamPermissions {"permissions":["firebase.projects.get"]}
[debug] [2023-07-26T21:50:27.631Z] <<< [apiv2][status] POST https://cloudresourcemanager.googleapis.com/v1/projects/aula-react-firebase:testIamPermissions 200
[debug] [2023-07-26T21:50:27.631Z] <<< [apiv2][body] POST https://cloudresourcemanager.googleapis.com/v1/projects/aula-react-firebase:testIamPermissions {"permissions":["firebase.projects.get"]}
[info] 
[info] Firestore Security Rules allow you to define how and when to allow
[info] requests. You can keep these rules in your project directory
[info] and publish them with firebase deploy.
[info] 
[debug] [2023-07-26T21:50:45.258Z] >>> [apiv2][query] GET https://firebaserules.googleapis.com/v1/projects/aula-react-firebase/releases pageSize=10&pageToken=
[debug] [2023-07-26T21:50:46.565Z] <<< [apiv2][status] GET https://firebaserules.googleapis.com/v1/projects/aula-react-firebase/releases 200
[debug] [2023-07-26T21:50:46.565Z] <<< [apiv2][body] GET https://firebaserules.googleapis.com/v1/projects/aula-react-firebase/releases {"releases":[{"name":"projects/aula-react-firebase/releases/cloud.firestore","rulesetName":"projects/aula-react-firebase/rulesets/0ecfba5c-eacd-405f-a10c-bd5aeac5d927","createTime":"2023-07-26T21:32:37.293703Z","updateTime":"2023-07-26T21:32:37.293703Z"}]}
[debug] [2023-07-26T21:50:46.565Z] Found ruleset: projects/aula-react-firebase/rulesets/0ecfba5c-eacd-405f-a10c-bd5aeac5d927
[debug] [2023-07-26T21:50:46.566Z] >>> [apiv2][query] GET https://firebaserules.googleapis.com/v1/projects/aula-react-firebase/rulesets/0ecfba5c-eacd-405f-a10c-bd5aeac5d927 [none]
[debug] [2023-07-26T21:50:47.499Z] <<< [apiv2][status] GET https://firebaserules.googleapis.com/v1/projects/aula-react-firebase/rulesets/0ecfba5c-eacd-405f-a10c-bd5aeac5d927 200
[debug] [2023-07-26T21:50:47.499Z] <<< [apiv2][body] GET https://firebaserules.googleapis.com/v1/projects/aula-react-firebase/rulesets/0ecfba5c-eacd-405f-a10c-bd5aeac5d927 [omitted]
[info] 
[info] Firestore indexes allow you to perform complex queries while
[info] maintaining performance that scales with the size of the result
[info] set. You can keep index definitions in your project directory
[info] and publish them with firebase deploy.
[info] 
[debug] [2023-07-26T21:50:54.786Z] >>> [apiv2][query] GET https://firestore.googleapis.com/v1/projects/aula-react-firebase/databases/(default)/collectionGroups/-/indexes [none]
[debug] [2023-07-26T21:50:54.788Z] >>> [apiv2][query] GET https://firestore.googleapis.com/v1/projects/aula-react-firebase/databases/(default)/collectionGroups/-/fields?filter=indexConfig.usesAncestorConfig=false OR ttlConfig:* [none]
[debug] [2023-07-26T21:50:55.724Z] <<< [apiv2][status] GET https://firestore.googleapis.com/v1/projects/aula-react-firebase/databases/(default)/collectionGroups/-/indexes 200
[debug] [2023-07-26T21:50:55.724Z] <<< [apiv2][body] GET https://firestore.googleapis.com/v1/projects/aula-react-firebase/databases/(default)/collectionGroups/-/indexes {}
[debug] [2023-07-26T21:50:55.916Z] <<< [apiv2][status] GET https://firestore.googleapis.com/v1/projects/aula-react-firebase/databases/(default)/collectionGroups/-/fields?filter=indexConfig.usesAncestorConfig=false OR ttlConfig:* 200
[debug] [2023-07-26T21:50:55.916Z] <<< [apiv2][body] GET https://firestore.googleapis.com/v1/projects/aula-react-firebase/databases/(default)/collectionGroups/-/fields?filter=indexConfig.usesAncestorConfig=false OR ttlConfig:* {"fields":[{"name":"projects/aula-react-firebase/databases/(default)/collectionGroups/__default__/fields/*","indexConfig":{"indexes":[{"queryScope":"COLLECTION","fields":[{"fieldPath":"*","order":"ASCENDING"}],"state":"READY"},{"queryScope":"COLLECTION","fields":[{"fieldPath":"*","order":"DESCENDING"}],"state":"READY"},{"queryScope":"COLLECTION","fields":[{"fieldPath":"*","arrayConfig":"CONTAINS"}],"state":"READY"}]}}]}
[info] 
=== Hosting Setup
[info] 
[info] Your public directory is the folder (relative to your project directory) that
[info] will contain Hosting assets to be uploaded with firebase deploy. If you
[info] have a build process for your assets, use your build's output directory.
[info] 
[debug] [2023-07-26T21:51:33.731Z] >>> [apiv2][query] GET https://www.gstatic.com/firebasejs/releases.json [none]
[debug] [2023-07-26T21:51:33.819Z] <<< [apiv2][status] GET https://www.gstatic.com/firebasejs/releases.json 200
[debug] [2023-07-26T21:51:33.819Z] <<< [apiv2][body] GET https://www.gstatic.com/firebasejs/releases.json {"current":{"version":"10.1.0","browserURL":"https://www.gstatic.com/firebasejs/10.1.0/firebase.js","packageURL":"https://www.gstatic.com/firebasejs/10.1.0/firebase.tgz"},"live":{"version":"10.1","browserURL":"https://www.gstatic.com/firebasejs/live/10.1/firebase.js","packageURL":"https://www.gstatic.com/firebasejs/live/10.1/firebase.tgz"},"components":{"analytics":"https://www.gstatic.com/firebasejs/10.1.0/firebase-analytics.js","app":"https://www.gstatic.com/firebasejs/10.1.0/firebase-app.js","app-check":"https://www.gstatic.com/firebasejs/10.1.0/firebase-app-check.js","auth":"https://www.gstatic.com/firebasejs/10.1.0/firebase-auth.js","auth/cordova":"https://www.gstatic.com/firebasejs/10.1.0/firebase-auth/cordova.js","functions":"https://www.gstatic.com/firebasejs/10.1.0/firebase-functions.js","firestore":"https://www.gstatic.com/firebasejs/10.1.0/firebase-firestore.js","firestore/lite":"https://www.gstatic.com/firebasejs/10.1.0/firebase-firestore/lite.js","installations":"https://www.gstatic.com/firebasejs/10.1.0/firebase-installations.js","storage":"https://www.gstatic.com/firebasejs/10.1.0/firebase-storage.js","performance":"https://www.gstatic.com/firebasejs/10.1.0/firebase-performance.js","remote-config":"https://www.gstatic.com/firebasejs/10.1.0/firebase-remote-config.js","messaging":"https://www.gstatic.com/firebasejs/10.1.0/firebase-messaging.js","messaging/sw":"https://www.gstatic.com/firebasejs/10.1.0/firebase-messaging/sw.js","database":"https://www.gstatic.com/firebasejs/10.1.0/firebase-database.js","firestore.memory":"https://www.gstatic.com/firebasejs/10.1.0/firebase-firestore.memory.js"}}
[info] ✔  Wrote build/index.html 
[info] 
[info] i  Detected a .git folder at /Users/marcio/Documents/Descomplica/aula-react-firebase 
[info] i  Authorizing with GitHub to upload your service account to a GitHub repository's secrets store. 
[info] 
[info] Visit this URL on this device to log in:
[info] https://github.com/login/oauth/authorize?client_id=89cf50f02ac6aaed3484&state=951777306&redirect_uri=http%3A%2F%2Flocalhost%3A9005&scope=read%3Auser%20repo%20public_repo
[info] 
[info] Waiting for authentication...
[debug] [2023-07-26T21:51:34.402Z] >>> [apiv2][query] POST https://github.com/login/oauth/access_token [none]
[debug] [2023-07-26T21:51:34.403Z] >>> [apiv2][body] POST https://github.com/login/oauth/access_token [stream]
[debug] [2023-07-26T21:51:34.660Z] <<< [apiv2][status] POST https://github.com/login/oauth/access_token 200
[debug] [2023-07-26T21:51:34.661Z] <<< [apiv2][body] POST https://github.com/login/oauth/access_token {"access_token":"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","token_type":"bearer","scope":"read:user,repo"}
[debug] [2023-07-26T21:51:34.670Z] >>> [apiv2][query] GET https://api.github.com/user [none]
[debug] [2023-07-26T21:51:34.978Z] <<< [apiv2][status] GET https://api.github.com/user 200
[debug] [2023-07-26T21:51:34.978Z] <<< [apiv2][body] GET https://api.github.com/user {"login":"marcio-eduardo","id":65565066,"node_id":"MDQ6VXNlcjY1NTY1MDY2","avatar_url":"https://avatars.githubusercontent.com/u/65565066?v=4","gravatar_id":"","url":"https://api.github.com/users/marcio-eduardo","html_url":"https://github.com/marcio-eduardo","followers_url":"https://api.github.com/users/marcio-eduardo/followers","following_url":"https://api.github.com/users/marcio-eduardo/following{/other_user}","gists_url":"https://api.github.com/users/marcio-eduardo/gists{/gist_id}","starred_url":"https://api.github.com/users/marcio-eduardo/starred{/owner}{/repo}","subscriptions_url":"https://api.github.com/users/marcio-eduardo/subscriptions","organizations_url":"https://api.github.com/users/marcio-eduardo/orgs","repos_url":"https://api.github.com/users/marcio-eduardo/repos","events_url":"https://api.github.com/users/marcio-eduardo/events{/privacy}","received_events_url":"https://api.github.com/users/marcio-eduardo/received_events","type":"User","site_admin":false,"name":"Marcio da Silva Eduardo","company":null,"blog":"https://www.linkedin.com/in/marcio-da-silva-eduardo-6b488a66/","location":"Brazil - RJ","email":null,"hireable":null,"bio":"Analista de Suporte II ","twitter_username":null,"public_repos":38,"public_gists":0,"followers":11,"following":27,"created_at":"2020-05-18T19:04:58Z","updated_at":"2023-07-21T06:04:33Z","private_gists":0,"total_private_repos":14,"owned_private_repos":14,"disk_usage":252567,"collaborators":0,"two_factor_authentication":false,"plan":{"name":"free","space":976562499,"collaborators":0,"private_repos":10000}}
[info] 
[info] ✔  Success! Logged into GitHub as marcio-eduardo 
[info] 
[debug] [2023-07-26T21:51:55.662Z] >>> [apiv2][query] GET https://api.github.com/repos//actions/secrets/public-key type=owner
[debug] [2023-07-26T21:51:55.869Z] <<< [apiv2][status] GET https://api.github.com/repos//actions/secrets/public-key 404
[debug] [2023-07-26T21:51:55.869Z] <<< [apiv2][body] GET https://api.github.com/repos//actions/secrets/public-key {"message":"Not Found","documentation_url":"https://docs.github.com/rest"}
[info] 
[info] 
[error] ⚠  The provided authorization cannot be used with this repository. If this repository is in an organization, did you remember to grant access? 
[info] 
[info] i  Action required: Visit this URL to ensure access has been granted to the appropriate organization(s) for the Firebase CLI GitHub OAuth App: 
[info] https://github.com/settings/connections/applications/89cf50f02ac6aaed3484
[info] 
[debug] [2023-07-26T21:51:59.107Z] >>> [apiv2][query] GET https://api.github.com/repos//actions/secrets/public-key type=owner
[debug] [2023-07-26T21:51:59.312Z] <<< [apiv2][status] GET https://api.github.com/repos//actions/secrets/public-key 404
[debug] [2023-07-26T21:51:59.312Z] <<< [apiv2][body] GET https://api.github.com/repos//actions/secrets/public-key {"message":"Not Found","documentation_url":"https://docs.github.com/rest"}
[info] 
[info] 
[error] ⚠  The provided authorization cannot be used with this repository. If this repository is in an organization, did you remember to grant access? 
[info] 
[info] i  Action required: Visit this URL to ensure access has been granted to the appropriate organization(s) for the Firebase CLI GitHub OAuth App: 
[info] https://github.com/settings/connections/applications/89cf50f02ac6aaed3484
[info] 
[debug] [2023-07-26T21:52:00.152Z] >>> [apiv2][query] GET https://api.github.com/repos//actions/secrets/public-key type=owner
[debug] [2023-07-26T21:52:00.361Z] <<< [apiv2][status] GET https://api.github.com/repos//actions/secrets/public-key 404
[debug] [2023-07-26T21:52:00.361Z] <<< [apiv2][body] GET https://api.github.com/repos//actions/secrets/public-key {"message":"Not Found","documentation_url":"https://docs.github.com/rest"}
[info] 
[info] 
[error] ⚠  The provided authorization cannot be used with this repository. If this repository is in an organization, did you remember to grant access? 
[info] 
[info] i  Action required: Visit this URL to ensure access has been granted to the appropriate organization(s) for the Firebase CLI GitHub OAuth App: 
[info] https://github.com/settings/connections/applications/89cf50f02ac6aaed3484
[info] 
